# JRE version: OpenJDK Runtime Environment Temurin-17.0.9+9 (17.0.9+9) (build 17.0.9+9)
# Java VM: OpenJDK 64-Bit Server VM Temurin-17.0.9+9 (17.0.9+9, mixed mode, emulated-client, tiered, compressed oops, compressed class ptrs, g1 gc, windows-amd64)
GC Precious Log:
 CPUs: 12 total, 12 available
 Memory: 32541M
 Large Page Support: Disabled
 NUMA Support: Disabled
 Compressed Oops: Enabled (Zero based)
 Heap Region Size: 4M
 Heap Min Capacity: 8M
 Heap Initial Capacity: 512M
 Heap Max Capacity: 8136M
 Pre-touch: Disabled
 Parallel Workers: 10
 Concurrent Workers: 3
 Concurrent Refinement Workers: 10
 Periodic GC: Disabled
Heap:
 garbage-first heap   total 221184K, used 52230K [0x0000000603800000, 0x0000000800000000)
  region size 4096K, 1 young (4096K), 1 survivors (4096K)
 Metaspace       used 92657K, committed 93376K, reserved 1179648K
  class space    used 11635K, committed 11968K, reserved 1048576K
GC Heap History (20 events):
Event: 109083.810 GC heap after
{Heap after GC invocations=601 (full 2):
 garbage-first heap   total 266240K, used 51917K [0x0000000603800000, 0x0000000800000000)
  region size 4096K, 1 young (4096K), 1 survivors (4096K)
 Metaspace       used 92657K, committed 93376K, reserved 1179648K
  class space    used 11635K, committed 11968K, reserved 1048576K
}
Event: 109465.814 GC heap before
{Heap before GC invocations=602 (full 2):
 garbage-first heap   total 221184K, used 178893K [0x0000000603800000, 0x0000000800000000)
  region size 4096K, 32 young (131072K), 1 survivors (4096K)
 Metaspace       used 92657K, committed 93376K, reserved 1179648K
  class space    used 11635K, committed 11968K, reserved 1048576K
}
Event: 109465.815 GC heap after
{Heap after GC invocations=603 (full 2):
 garbage-first heap   total 221184K, used 51965K [0x0000000603800000, 0x0000000800000000)
  region size 4096K, 1 young (4096K), 1 survivors (4096K)
 Metaspace       used 92657K, committed 93376K, reserved 1179648K
  class space    used 11635K, committed 11968K, reserved 1048576K
}
Event: 109478.565 GC heap before
{Heap before GC invocations=603 (full 2):
 garbage-first heap   total 221184K, used 56061K [0x0000000603800000, 0x0000000800000000)
  region size 4096K, 2 young (8192K), 1 survivors (4096K)
 Metaspace       used 92657K, committed 93376K, reserved 1179648K
  class space    used 11635K, committed 11968K, reserved 1048576K
}
Event: 109478.567 GC heap after
{Heap after GC invocations=604 (full 2):
 garbage-first heap   total 221184K, used 51899K [0x0000000603800000, 0x0000000800000000)
  region size 4096K, 1 young (4096K), 1 survivors (4096K)
 Metaspace       used 92657K, committed 93376K, reserved 1179648K
  class space    used 11635K, committed 11968K, reserved 1048576K
}
Event: 109834.416 GC heap before
{Heap before GC invocations=604 (full 2):
 garbage-first heap   total 221184K, used 178875K [0x0000000603800000, 0x0000000800000000)
  region size 4096K, 32 young (131072K), 1 survivors (4096K)
 Metaspace       used 92657K, committed 93376K, reserved 1179648K
  class space    used 11635K, committed 11968K, reserved 1048576K
}
Event: 109834.418 GC heap after
{Heap after GC invocations=605 (full 2):
 garbage-first heap   total 221184K, used 52267K [0x0000000603800000, 0x0000000800000000)
  region size 4096K, 1 young (4096K), 1 survivors (4096K)
 Metaspace       used 92657K, committed 93376K, reserved 1179648K
  class space    used 11635K, committed 11968K, reserved 1048576K
}
Event: 110215.813 GC heap before
{Heap before GC invocations=606 (full 2):
 garbage-first heap   total 221184K, used 179243K [0x0000000603800000, 0x0000000800000000)
  region size 4096K, 32 young (131072K), 1 survivors (4096K)
 Metaspace       used 92657K, committed 93376K, reserved 1179648K
  class space    used 11635K, committed 11968K, reserved 1048576K
}
Event: 110215.814 GC heap after
{Heap after GC invocations=607 (full 2):
 garbage-first heap   total 221184K, used 52107K [0x0000000603800000, 0x0000000800000000)
  region size 4096K, 1 young (4096K), 1 survivors (4096K)
 Metaspace       used 92657K, committed 93376K, reserved 1179648K
  class space    used 11635K, committed 11968K, reserved 1048576K
}
Event: 110227.637 GC heap before
{Heap before GC invocations=607 (full 2):
 garbage-first heap   total 221184K, used 56203K [0x0000000603800000, 0x0000000800000000)
  region size 4096K, 2 young (8192K), 1 survivors (4096K)
 Metaspace       used 92657K, committed 93376K, reserved 1179648K
  class space    used 11635K, committed 11968K, reserved 1048576K
}
Event: 110227.638 GC heap after
{Heap after GC invocations=608 (full 2):
 garbage-first heap   total 221184K, used 51970K [0x0000000603800000, 0x0000000800000000)
  region size 4096K, 1 young (4096K), 1 survivors (4096K)
 Metaspace       used 92657K, committed 93376K, reserved 1179648K
  class space    used 11635K, committed 11968K, reserved 1048576K
}
Event: 110609.883 GC heap before
{Heap before GC invocations=608 (full 2):
 garbage-first heap   total 221184K, used 178946K [0x0000000603800000, 0x0000000800000000)
  region size 4096K, 32 young (131072K), 1 survivors (4096K)
 Metaspace       used 92657K, committed 93376K, reserved 1179648K
  class space    used 11635K, committed 11968K, reserved 1048576K
}
Event: 110609.885 GC heap after
{Heap after GC invocations=609 (full 2):
 garbage-first heap   total 221184K, used 51909K [0x0000000603800000, 0x0000000800000000)
  region size 4096K, 1 young (4096K), 1 survivors (4096K)
 Metaspace       used 92657K, committed 93376K, reserved 1179648K
  class space    used 11635K, committed 11968K, reserved 1048576K
}
Event: 110989.805 GC heap before
{Heap before GC invocations=610 (full 2):
 garbage-first heap   total 221184K, used 178885K [0x0000000603800000, 0x0000000800000000)
  region size 4096K, 32 young (131072K), 1 survivors (4096K)
 Metaspace       used 92657K, committed 93376K, reserved 1179648K
  class space    used 11635K, committed 11968K, reserved 1048576K
}
Event: 110989.806 GC heap after
{Heap after GC invocations=611 (full 2):
 garbage-first heap   total 221184K, used 51980K [0x0000000603800000, 0x0000000800000000)
  region size 4096K, 1 young (4096K), 1 survivors (4096K)
 Metaspace       used 92657K, committed 93376K, reserved 1179648K
  class space    used 11635K, committed 11968K, reserved 1048576K
}
Event: 111002.459 GC heap before
{Heap before GC invocations=611 (full 2):
 garbage-first heap   total 221184K, used 56076K [0x0000000603800000, 0x0000000800000000)
  region size 4096K, 2 young (8192K), 1 survivors (4096K)
 Metaspace       used 92657K, committed 93376K, reserved 1179648K
  class space    used 11635K, committed 11968K, reserved 1048576K
}
Event: 111002.461 GC heap after
{Heap after GC invocations=612 (full 2):
 garbage-first heap   total 221184K, used 51949K [0x0000000603800000, 0x0000000800000000)
  region size 4096K, 1 young (4096K), 1 survivors (4096K)
 Metaspace       used 92657K, committed 93376K, reserved 1179648K
  class space    used 11635K, committed 11968K, reserved 1048576K
}
Event: 111376.759 GC heap before
{Heap before GC invocations=612 (full 2):
 garbage-first heap   total 221184K, used 178925K [0x0000000603800000, 0x0000000800000000)
  region size 4096K, 32 young (131072K), 1 survivors (4096K)
 Metaspace       used 92657K, committed 93376K, reserved 1179648K
  class space    used 11635K, committed 11968K, reserved 1048576K
}
Event: 111376.760 GC heap after
{Heap after GC invocations=613 (full 2):
 garbage-first heap   total 221184K, used 52121K [0x0000000603800000, 0x0000000800000000)
  region size 4096K, 1 young (4096K), 1 survivors (4096K)
 Metaspace       used 92657K, committed 93376K, reserved 1179648K
  class space    used 11635K, committed 11968K, reserved 1048576K
}
Event: 111740.707 GC heap before
{Heap before GC invocations=614 (full 2):
 garbage-first heap   total 221184K, used 179097K [0x0000000603800000, 0x0000000800000000)
  region size 4096K, 32 young (131072K), 1 survivors (4096K)
 Metaspace       used 92657K, committed 93376K, reserved 1179648K
  class space    used 11635K, committed 11968K, reserved 1048576K
}

